4FGLJ1555.7p1111
Time (MJD)
Rate (ph/cm^2/s)
54697.6564519931 2.68090896628248e-07 1.77352751163334e-08 15 1.5652003680076e-08 8.5418790E+08
54727.6540699698 2.41740892361796e-07 1.79932602175861e-08 15 1.67179269004844e-08 7.4873555E+08
54757.6523708128 2.35597977088455e-07 1.60118478246312e-08 15 1.50730993109643e-08 9.2106054E+08
54787.6518181054 2.87090721672866e-07 2.03257392456983e-08 15 1.73317026534879e-08 6.9664390E+08
54817.6525848008 2.203087149853e-07 1.55586942056708e-08 15 1.51448319564834e-08 9.1235610E+08
54847.6544789528 1.8918496517411e-07 1.60752939434417e-08 15 1.68765067897524e-08 7.3473069E+08
54877.6569858342 2.07545348328697e-07 1.58021667570243e-08 15 1.58445569334844e-08 8.3355277E+08
54907.6594235329 1.7181957301342e-07 1.60570510159988e-08 15 1.76821083092393e-08 6.6930675E+08
54937.6611502771 1.85153906055046e-07 1.55651018297109e-08 15 1.65184356549613e-08 7.6692954E+08
54967.661737432 1.91712261825905e-07 1.5324648350271e-08 15 1.59853359619644e-08 8.1893562E+08
54997.6610598903 1.65120585254522e-07 1.52327525476163e-08 15 1.71122160543774e-08 7.1462925E+08
55027.659302725 1.90833880371965e-07 1.45720812480169e-08 15.0000000000002 1.52373753567191e-08 9.0130746E+08
55057.6569053952 1.72425050606752e-07 1.57073575857066e-08 15 1.72684813072388e-08 7.0175418E+08
55087.6544649868 1.91236483818221e-07 1.6676494241799e-08 15 1.74118556582028e-08 6.9024486E+08
55117.6526061297 2.1390227213246e-07 1.87965135160335e-08 15 1.85559276981712e-08 6.0775418E+08
55147.6518302596 1.61241378562055e-07 1.6499429435951e-08 15 1.87477556151641e-08 5.9538067E+08
55177.6523691833 1.83697789748194e-07 1.75546584771091e-08 15 1.86940014388561e-08 5.9880960E+08
55207.6540956441 1.89698317684182e-07 1.79647723411828e-08 15 1.88264908380363e-08 5.9041114E+08
55237.656542767 2.11494331448765e-07 1.9031004953369e-08 15 1.88923147409913e-08 5.8630413E+08
55267.6590431234 2.05089973818994e-07 1.86830251444449e-08 15 1.88332893379799e-08 5.8998496E+08
55297.6609333976 2.52697105287394e-07 2.14720035622978e-08 15 1.95047048243216e-08 5.5006566E+08
55327.6617382096 2.38634943216099e-07 1.95169086083774e-08 15 1.82460154451269e-08 6.2857517E+08
55357.6612769616 2.06087521855861e-07 1.81801252496771e-08 15 1.82842706929255e-08 6.2594765E+08
55387.6596828715 2.82613765117202e-07 2.10355102405058e-08 15 1.80760701033314e-08 6.4045005E+08
55417.6573572992 2.48766407099901e-07 1.93370742414478e-08 15 1.77087730323003e-08 6.6729267E+08
55447.6548780093 1.91771910530001e-07 1.67871347181418e-08 15 1.75026375165027e-08 6.8310317E+08
55477.6528755528 2.28514579898312e-07 2.10809938915121e-08 15 2.01308726995268e-08 5.1637843E+08
55507.6518838584 2.13460055871984e-07 1.90542270693576e-08 15 1.88286718153456e-08 5.9027437E+08
55537.6521909506 1.89002621926102e-07 1.79796934918453e-08 15 1.88763957536943e-08 5.8729344E+08
55567.6537344329 1.54378879734221e-07 1.56343534038158e-08 15 1.81563085097952e-08 6.3480186E+08
55597.6561000652 1.89483254285588e-07 1.7707774657917e-08 15 1.85687703965612e-08 6.0691379E+08
55627.6586414595 1.94231319840167e-07 1.7995019965966e-08 15 1.86386025995542e-08 6.0237453E+08
55657.6606797751 1.73107970338777e-07 1.80967298565369e-08 15 1.98431797935875e-08 5.3146022E+08
55687.6616963846 1.41337695328695e-07 1.54670351958879e-08 15 1.87644573071827e-08 5.9432128E+08
55717.6614554523 1.61517387508283e-07 1.66148858519151e-08 15 1.88622930099693e-08 5.8817197E+08
55747.6600371288 2.08772702444718e-07 1.87105073049803e-08 15 1.86951304059398e-08 5.9873728E+08
55777.6578012399 1.56689678124275e-07 1.64706046631511e-08 15 1.89821826069427e-08 5.8076576E+08
55807.6553028556 1.71269783866446e-07 1.73449394954354e-08 15 1.91237908750046e-08 5.7219667E+08
55837.653173128 1.96169158734269e-07 1.87464562858507e-08 15 1.93181561038872e-08 5.6074054E+08
55867.6519743989 2.24066157391503e-07 1.97661205729887e-08 15 1.9065136846427e-08 5.7572282E+08
55897.6520472748 1.8123755966545e-07 1.70870737191653e-08 15 1.83202556647469e-08 6.2349107E+08
55927.6533946251 1.85962833713955e-07 1.6940605303682e-08 15 1.79335819391723e-08 6.5066765E+08
55957.6556582204 1.75942445238134e-07 1.6094700552043e-08 15 1.75162581716416e-08 6.8204122E+08
55987.6582190173 1.64067908433265e-07 1.54683193236733e-08 15 1.74308773882561e-08 6.8873920E+08
56017.6603885662 1.81895680402014e-07 1.70734103195361e-08 15 1.82728132660374e-08 6.2673286E+08
56047.6616094771 2.12726542400589e-07 1.86214399988706e-08 15 1.84340958662777e-08 6.1581408E+08
56077.6615917386 2.05911517178537e-07 1.88361836435766e-08 15 1.89494384759971e-08 5.8277459E+08
56107.6603605144 1.60333753591855e-07 1.69475428312832e-08 15 1.93080259656085e-08 5.6132909E+08
56137.6582311141 2.20172045125185e-07 1.92731968538586e-08 15 1.87539213064046e-08 5.9498925E+08
56167.6557330241 2.13337984885323e-07 1.89679134809922e-08 15 1.8749033399265e-08 5.9529952E+08
56197.6534940135 2.58913274409604e-07 2.45195534028006e-08 15 2.19945355787969e-08 4.3257728E+08
56227.65209857 2.11137726194485e-07 1.91546426366598e-08 15 1.90304761073222e-08 5.7782189E+08
56257.6519373441 1.98303974429919e-07 1.82166456165127e-08 15 1.86740654857088e-08 6.0008883E+08
56287.6530772437 2.01581391018886e-07 1.83634047385559e-08 15 1.86714988666307e-08 6.0025382E+08
56317.6552184208 1.73135586948443e-07 1.57070475061902e-08 15 1.7232961008193e-08 7.0465005E+08
56347.6577774264 2.00186251252373e-07 1.84676406279806e-08 15 1.88418164487122e-08 5.8945107E+08
56377.6600609167 1.93802470593895e-07 1.78031274288013e-08 15 1.84608980014753e-08 6.1402726E+08
56407.6614777139 1.81014322643088e-07 1.72982190902811e-08 15 1.85569576270003e-08 6.0768672E+08
56437.661683181 1.65040442226176e-07 1.60679072916691e-08 15 1.80504862514933e-08 6.4226682E+08
56467.6606490173 1.5561131930854e-07 1.58406047733913e-08 15 1.83223584053262e-08 6.2334797E+08
56497.6586430299 1.64119035816029e-07 1.69725465127084e-08 15 1.9114467359111e-08 5.7275501E+08
56527.6561652602 1.89926958540485e-07 1.80676250180883e-08 15 1.89224979256901e-08 5.8443520E+08
56557.653833956 1.49474134706973e-07 1.59791992152767e-08 15 1.88533416147354e-08 5.8873062E+08
56587.6522548381 1.52985838518162e-07 1.54144338022396e-08 15 1.79826903970919e-08 6.4711872E+08
56617.6518618076 1.97631765799982e-07 1.77836024640389e-08 15 1.82626662231957e-08 6.2742950E+08
56647.6527841204 1.96637479723576e-07 1.38182316243119e-08 15 1.42374358274748e-08 1.0323566E+09
56677.6547861432 1.57242289042776e-07 1.06375718100254e-08 15 1.22577079633595e-08 1.3927551E+09
56707.6573210326 1.89473225400276e-07 1.24261150295498e-08 15 1.3044955816599e-08 1.2297252E+09
56737.6597006088 1.84801612021703e-07 1.12990805900343e-08 15 1.20124648399715e-08 1.4502038E+09
56767.6613018295 2.10179643132241e-07 1.42188279020569e-08 15 1.4171633641923e-08 1.0419658E+09
56797.661730601 1.77714006780562e-07 1.85782455084923e-08 15 2.01054391974142e-08 5.1768570E+08
56827.6609014658 1.93860306016194e-07 2.27672042317557e-08 15 2.35738038628464e-08 3.7655981E+08
56857.6590348942 2.09462709613319e-07 1.39486565592806e-08 15 1.39266219984238e-08 1.0789510E+09
56887.6565961939 1.7774061682289e-07 1.04825538953449e-08 15 1.13643276487767e-08 1.6203387E+09
56917.6541932172 2.13724251202346e-07 1.25611347527419e-08 15 1.24186547093747e-08 1.3568886E+09
56947.6524438326 2.01391917842647e-07 1.09950015412141e-08 15 1.11994843974337e-08 1.6683887E+09
56977.6518231916 2.20307734371411e-07 1.19390760684982e-08 15 1.16274460077849e-08 1.5478349E+09
57007.6525216595 3.1261553362743e-07 2.0371083247569e-08 15 1.66492979137583e-08 7.5492090E+08
57037.6543665913 2.45792930003223e-07 1.91639240723125e-08 15 1.76558800690017e-08 6.7129677E+08
57067.6568567446 2.17303869184354e-07 1.78320711001889e-08 15 1.74697722935766e-08 6.8567578E+08
57097.6593132579 2.71992226930755e-07 1.66612324933488e-08 15 1.46005516389788e-08 9.8164570E+08
57127.661087129 2.08223697368202e-07 1.74429552626012e-08 15 1.74559587552937e-08 6.8676141E+08
57157.6617367375 2.08153467921702e-07 1.86550106239932e-08 15 1.86673842804095e-08 6.0051846E+08
57187.6611202676 2.34222995692864e-07 1.94175972007949e-08 15 1.83225108123577e-08 6.2333760E+08
57217.6594070726 1.98397826172422e-07 1.8622363572677e-08 15 1.90837042695069e-08 5.7460307E+08
57247.6570274486 2.25125492453677e-07 1.94115651981983e-08 15 1.86806551179584e-08 5.9966554E+08
57277.6545715844 2.01153472887725e-07 1.81742250827333e-08 15 1.84994092750829e-08 6.1147341E+08
57307.6526673352 1.73445208383494e-07 1.70485368406219e-08 15 1.86814736850471e-08 5.9961299E+08
57337.6518258112 2.16669289729918e-07 1.92641003138484e-08 15 1.88948508575358e-08 5.8614675E+08
57367.6522952667 1.83940622495533e-07 1.75778642323468e-08 15 1.87063532927145e-08 5.9801907E+08
57397.6539681582 1.76993388032718e-07 1.67615926209532e-08 15 1.81851194841459e-08 6.3279200E+08
57427.6563915559 1.47557497145036e-07 1.42315562528525e-08 15 1.69089021622448e-08 7.3191808E+08
57457.6589045208 1.75610447741415e-07 1.61319676131505e-08 15 1.75730984990508e-08 6.7763622E+08
57487.6608378712 1.55161207165476e-07 1.56336179851305e-08 15 1.81100907467842e-08 6.3804608E+08
57517.6617035752 2.57088186198551e-07 2.11681854532624e-08 15 1.906587982783e-08 5.7567795E+08
57547.6613052859 2.2282580051709e-07 1.71150726006443e-08 15 1.65617004729476e-08 7.6292781E+08
57577.6597596295 2.15251392250489e-07 1.79687307294641e-08 15 1.76863570169486e-08 6.6898522E+08
57607.6574575903 2.12434682025492e-07 2.15138165254968e-08 15 2.12983677505325e-08 4.6131827E+08
57637.6549690417 2.30759128304383e-07 1.96790754142901e-08 15 1.87062420914229e-08 5.9802618E+08
57667.6529262606 2.16806654487017e-07 1.80358287228249e-08 15 1.76888236312622e-08 6.6879866E+08
57697.6518718954 2.33589454626794e-07 1.45850769930668e-08 15 1.37913475661836e-08 1.1002209E+09
57727.6521088115 3.50344575070792e-07 2.55854597343501e-08 15 1.97476500657513e-08 5.3661456E+08
57757.6535954034 2.45425216579367e-07 2.08541016671977e-08 15 1.92220118318116e-08 5.6636397E+08
57787.6559319984 2.20871306646464e-07 1.91159393620297e-08 15 1.85722234385361e-08 6.0668813E+08
57817.6584799192 2.20629743136404e-07 1.93876853553679e-08 15 1.88454712736946e-08 5.8922246E+08
57847.6605578059 2.0042935331329e-07 1.67900209598799e-08 15 1.71261322268736e-08 7.1346835E+08
57877.6616340102 2.00999275629534e-07 1.86220532356707e-08 15 1.89605514475358e-08 5.8209165E+08
57907.6614572289 2.30875319537611e-07 2.02101292178845e-08 15 1.92043563428017e-08 5.6740582E+08
57937.6600924106 2.43150013971123e-07 1.93745598573303e-08 15 1.79454872585867e-08 6.4980461E+08
57967.6578852903 2.50955293519705e-07 2.03886135758996e-08 15 1.85875879036463e-08 6.0568557E+08
57997.6553841275 1.99645004162974e-07 1.73439270801146e-08 15 1.77235229497356e-08 6.6618246E+08
58027.6532204578 2.16258884350599e-07 1.83758002683628e-08 15 1.80437261790073e-08 6.4274816E+08
58057.6519627255 2.06004046297143e-07 1.88446479368533e-08 15 1.89536955907347e-08 5.8251283E+08
58087.6519665188 2.13714242892648e-07 1.92307604049463e-08 15 1.89912057780829e-08 5.8021402E+08
58117.6532542328 1.68866545899717e-07 1.62115366250363e-08 15 1.80055009984744e-08 6.4548013E+08
58147.6554839822 1.85725338354208e-07 1.99689823035664e-08 15 2.11359903364257e-08 4.6843366E+08
58177.6580459542 2.00660702862122e-07 1.73020757172841e-08 15 1.76364401627572e-08 6.7277747E+08
58207.6602515127 2.17871510943375e-07 3.12828969962862e-08 15 3.05034408579435e-08 2.2490320E+08
58237.6615309111 2.08960213975259e-07 1.7089942252292e-08 15 1.7073903461944e-08 7.1784000E+08
58267.6615784983 2.33614507334627e-07 2.72487274743637e-08 15 2.57028151817381e-08 3.1676115E+08
58297.6604039345 1.82517131773004e-07 1.85795079794717e-08 15 1.98432406533295e-08 5.3145696E+08
58327.658310142 1.92568552429603e-07 1.5442511674588e-08 15 1.60722630809723e-08 8.1010112E+08
58357.655816625 1.80955108204369e-07 1.65532443065115e-08 15 1.77640280213902e-08 6.6314790E+08
58387.653548942 2.13296965653774e-07 1.97614018108829e-08 15 1.95319703642781e-08 5.4853101E+08
58417.652099187 2.67726337425989e-07 3.16612169469552e-08 15 2.78949732367462e-08 2.6893133E+08
58447.651870912 2.38008428978041e-07 1.82275496339212e-08 15 1.70665116902489e-08 7.1846195E+08
58477.6529490039 2.57484629141058e-07 1.80054243179404e-08 15 1.62123276636619e-08 7.9616403E+08
58507.6550523729 2.87888963209077e-07 1.84490760482316e-08 15 1.57131857179937e-08 8.4754899E+08
58537.6576073518 2.55433099781077e-07 1.79499541097287e-08 15 1.62269619134201e-08 7.9472864E+08
58567.6599229223 3.3770402824367e-07 2.27421140243703e-08 15 1.78821046690341e-08 6.5441920E+08
58597.6613959278 3.04325452299397e-07 2.41724959160387e-08 15 2.00132317666804e-08 5.2246698E+08
58627.6616679182 2.3021637262096e-07 2.26287733545499e-08 15 2.1522765932973e-08 4.5174893E+08
58657.660693782 2.25534548099688e-07 2.05454589252927e-08 15 1.97496999852108e-08 5.3650317E+08
58687.6587290243 2.50496505545119e-07 1.89627877270737e-08 15 1.73072656788209e-08 6.9861254E+08
58717.6562621772 2.34428960717086e-07 1.84468803278966e-08 15 1.74018240323494e-08 6.9104090E+08
58747.6539097812 2.05991248147722e-07 1.73783234582254e-08 15 1.74848325357308e-08 6.8449510E+08
58777.6522806704 1.84160363677821e-07 1.78450027150123e-08 15 1.8978104864716e-08 5.8101536E+08
58807.6518222215 2.45538506657551e-07 2.10934213274998e-08 15 1.94373475348534e-08 5.5388461E+08
58837.6526821723 2.17449641740091e-07 1.72719716250853e-08 15 1.69171591494771e-08 7.3120378E+08
58867.6546417467 2.1246794031052e-07 1.74942335152355e-08 15 1.73325513335676e-08 6.9657568E+08
58897.6571674568 2.14885809042225e-07 1.58200541029922e-08 15 1.55906654580663e-08 8.6092237E+08
58927.6595737486 2.32222260625493e-07 1.92517318999571e-08 15 1.82440874486802e-08 6.2870803E+08
58957.6612291855 1.83351564785647e-07 1.89614991705815e-08 15 2.02034265213909e-08 5.1267629E+08
58987.6617249969 2.437974871793e-07 2.06414095798302e-08 15 1.90896182512857e-08 5.7424710E+08
59017.6609592004 3.07715482514585e-07 2.72515332675286e-08 15 2.24293319318412e-08 4.1596867E+08
59047.6609592004 2.50817505921139e-07 1.78926706853936e-08 15 1.63227172760262e-08 7.8543162E+08
59077.6609592004 2.22362624121904e-07 1.9245009701056e-08 15 1.86348175492565e-08 6.0261926E+08
59104.3556253409 2.40930624604082e-07 2.19479910876463e-08 11.6946661405383 2.04126771619164e-08 5.0221926E+08
